c:\users\boshist\source\repos\spo\spo\debug\vc141.pdb
c:\users\boshist\source\repos\spo\spo\debug\vc141.idb
c:\users\boshist\source\repos\spo\spo\debug\main.obj
c:\users\boshist\source\repos\spo\spo\debug\token.obj
c:\users\boshist\source\repos\spo\spo\debug\lexer.obj
c:\users\boshist\source\repos\spo\spo\debug\parser.obj
c:\users\boshist\source\repos\spo\debug\spo.exe
c:\users\boshist\source\repos\spo\debug\spo.ilk
c:\users\boshist\source\repos\spo\debug\spo.pdb
c:\users\boshist\source\repos\spo\spo\debug\spo.tlog\cl.command.1.tlog
c:\users\boshist\source\repos\spo\spo\debug\spo.tlog\cl.read.1.tlog
c:\users\boshist\source\repos\spo\spo\debug\spo.tlog\cl.write.1.tlog
c:\users\boshist\source\repos\spo\spo\debug\spo.tlog\link-cvtres.read.1.tlog
c:\users\boshist\source\repos\spo\spo\debug\spo.tlog\link-cvtres.write.1.tlog
c:\users\boshist\source\repos\spo\spo\debug\spo.tlog\link-rc.read.1.tlog
c:\users\boshist\source\repos\spo\spo\debug\spo.tlog\link-rc.write.1.tlog
c:\users\boshist\source\repos\spo\spo\debug\spo.tlog\link.7464-cvtres.read.1.tlog
c:\users\boshist\source\repos\spo\spo\debug\spo.tlog\link.7464-cvtres.write.1.tlog
c:\users\boshist\source\repos\spo\spo\debug\spo.tlog\link.7464-rc.read.1.tlog
c:\users\boshist\source\repos\spo\spo\debug\spo.tlog\link.7464-rc.write.1.tlog
c:\users\boshist\source\repos\spo\spo\debug\spo.tlog\link.7464.read.1.tlog
c:\users\boshist\source\repos\spo\spo\debug\spo.tlog\link.7464.write.1.tlog
c:\users\boshist\source\repos\spo\spo\debug\spo.tlog\link.command.1.tlog
c:\users\boshist\source\repos\spo\spo\debug\spo.tlog\link.read.1.tlog
c:\users\boshist\source\repos\spo\spo\debug\spo.tlog\link.write.1.tlog
